Calling target program-options parser
[15:29:58.102] [bmv2] [D] [thread 392717] Set default default entry for table 'tbl_ecmp377': ecmp377 - 
[15:29:58.102] [bmv2] [D] [thread 392717] Set default default entry for table 'tbl_ecmp382': ecmp382 - 
[15:29:58.102] [bmv2] [D] [thread 392717] Set default default entry for table 'tbl_predispose': MyIngress.predispose - 
[15:29:58.102] [bmv2] [D] [thread 392717] Set default default entry for table 'tbl_ecmp390': ecmp390 - 
[15:29:58.102] [bmv2] [D] [thread 392717] Set default default entry for table 'tbl_ecmp399': ecmp399 - 
[15:29:58.102] [bmv2] [D] [thread 392717] Set default default entry for table 'tbl_ecmp405': ecmp405 - 
[15:29:58.102] [bmv2] [D] [thread 392717] Set default default entry for table 'MyIngress.choose_fragment': NoAction - 
[15:29:58.102] [bmv2] [D] [thread 392717] Set default default entry for table 'MyIngress.update_SFH': NoAction - 
[15:29:58.102] [bmv2] [D] [thread 392717] Set default default entry for table 'MyIngress.ipv4_lpm': MyIngress.drop - 
[15:29:58.102] [bmv2] [D] [thread 392717] Set default default entry for table 'MyIngress.ecmp_group_to_nhop': NoAction - 
[15:29:58.102] [bmv2] [D] [thread 392717] Set default default entry for table 'tbl_drop': MyIngress.drop - 
[15:29:58.103] [bmv2] [D] [thread 392717] Set default default entry for table 'tbl_ecmp549': ecmp549 - 
[15:29:58.103] [bmv2] [D] [thread 392717] Set default default entry for table 'tbl_ecmp559': ecmp559 - 
[15:29:58.103] [bmv2] [D] [thread 392717] Set default default entry for table 'tbl_ecmp562': ecmp562 - 
[15:29:58.103] [bmv2] [D] [thread 392717] Set default default entry for table 'MyEgress.get_delay_lev': NoAction - 
[15:29:58.103] [bmv2] [D] [thread 392717] Set default default entry for table 'MyEgress.update_sketch': NoAction - 
[15:29:58.103] [bmv2] [D] [thread 392717] Set default default entry for table 'tbl_ecmp576': ecmp576 - 
Adding interface s11-eth1 as port 1
[15:29:58.121] [bmv2] [D] [thread 392717] Adding interface s11-eth1 as port 1
Adding interface s11-eth2 as port 2
[15:29:58.137] [bmv2] [D] [thread 392717] Adding interface s11-eth2 as port 2
Adding interface s11-eth3 as port 3
[15:29:58.138] [bmv2] [D] [thread 392717] Adding interface s11-eth3 as port 3
Adding interface s11-eth4 as port 4
[15:29:58.139] [bmv2] [D] [thread 392717] Adding interface s11-eth4 as port 4
Adding interface s11-cpu-eth0 as port 5
[15:29:58.140] [bmv2] [D] [thread 392717] Adding interface s11-cpu-eth0 as port 5
[15:29:58.141] [bmv2] [I] [thread 392717] Starting Thrift server on port 9100
[15:29:58.142] [bmv2] [I] [thread 392717] Thrift server was started
[15:29:58.204] [bmv2] [D] [thread 392723] [0.0] [cxt 0] Processing packet received on port 3
[15:29:58.204] [bmv2] [D] [thread 392723] [0.0] [cxt 0] Parser 'parser': start
[15:29:58.204] [bmv2] [D] [thread 392723] [0.0] [cxt 0] Parser 'parser' entering state 'start'
[15:29:58.204] [bmv2] [D] [thread 392723] [0.0] [cxt 0] Extracting header 'ethernet'
[15:29:58.204] [bmv2] [D] [thread 392723] [0.0] [cxt 0] Parser state 'start': key is 86dd
[15:29:58.204] [bmv2] [T] [thread 392723] [0.0] [cxt 0] Bytes parsed: 14
[15:29:58.204] [bmv2] [D] [thread 392723] [0.0] [cxt 0] Parser 'parser': end
[15:29:58.204] [bmv2] [D] [thread 392723] [0.0] [cxt 0] Pipeline 'ingress': start
[15:29:58.204] [bmv2] [T] [thread 392723] [0.0] [cxt 0] /home/guang/p4/zsy/SrSketch/p4src/p4src_sum/ecmp.p4(369) Condition "hdr.ipv4.isValid()&&hdr.ipv4.ttl > 1" (node_2) is false
[15:29:58.204] [bmv2] [T] [thread 392723] [0.0] [cxt 0] Applying table 'tbl_drop'
[15:29:58.204] [bmv2] [D] [thread 392723] [0.0] [cxt 0] Looking up key:

[15:29:58.204] [bmv2] [D] [thread 392723] [0.0] [cxt 0] Table 'tbl_drop': miss
[15:29:58.204] [bmv2] [D] [thread 392723] [0.0] [cxt 0] Action entry is MyIngress.drop - 
[15:29:58.204] [bmv2] [T] [thread 392723] [0.0] [cxt 0] Action MyIngress.drop
[15:29:58.205] [bmv2] [T] [thread 392723] [0.0] [cxt 0] /home/guang/p4/zsy/SrSketch/p4src/p4src_sum/ecmp.p4(293) Primitive mark_to_drop(standard_metadata)
[15:29:58.205] [bmv2] [D] [thread 392723] [0.0] [cxt 0] Pipeline 'ingress': end
[15:29:58.205] [bmv2] [D] [thread 392723] [0.0] [cxt 0] Egress port is 511
[15:29:58.205] [bmv2] [D] [thread 392723] [0.0] [cxt 0] Dropping packet at the end of ingress
[15:29:58.267] [bmv2] [D] [thread 392723] [1.0] [cxt 0] Processing packet received on port 3
[15:29:58.267] [bmv2] [D] [thread 392723] [1.0] [cxt 0] Parser 'parser': start
[15:29:58.267] [bmv2] [D] [thread 392723] [1.0] [cxt 0] Parser 'parser' entering state 'start'
[15:29:58.267] [bmv2] [D] [thread 392723] [1.0] [cxt 0] Extracting header 'ethernet'
[15:29:58.267] [bmv2] [D] [thread 392723] [1.0] [cxt 0] Parser state 'start': key is 86dd
[15:29:58.267] [bmv2] [T] [thread 392723] [1.0] [cxt 0] Bytes parsed: 14
[15:29:58.267] [bmv2] [D] [thread 392723] [1.0] [cxt 0] Parser 'parser': end
[15:29:58.267] [bmv2] [D] [thread 392723] [1.0] [cxt 0] Pipeline 'ingress': start
[15:29:58.267] [bmv2] [T] [thread 392723] [1.0] [cxt 0] /home/guang/p4/zsy/SrSketch/p4src/p4src_sum/ecmp.p4(369) Condition "hdr.ipv4.isValid()&&hdr.ipv4.ttl > 1" (node_2) is false
[15:29:58.267] [bmv2] [T] [thread 392723] [1.0] [cxt 0] Applying table 'tbl_drop'
[15:29:58.267] [bmv2] [D] [thread 392723] [1.0] [cxt 0] Looking up key:

[15:29:58.267] [bmv2] [D] [thread 392723] [1.0] [cxt 0] Table 'tbl_drop': miss
[15:29:58.267] [bmv2] [D] [thread 392723] [1.0] [cxt 0] Action entry is MyIngress.drop - 
[15:29:58.267] [bmv2] [T] [thread 392723] [1.0] [cxt 0] Action MyIngress.drop
[15:29:58.267] [bmv2] [T] [thread 392723] [1.0] [cxt 0] /home/guang/p4/zsy/SrSketch/p4src/p4src_sum/ecmp.p4(293) Primitive mark_to_drop(standard_metadata)
[15:29:58.267] [bmv2] [D] [thread 392723] [1.0] [cxt 0] Pipeline 'ingress': end
[15:29:58.267] [bmv2] [D] [thread 392723] [1.0] [cxt 0] Egress port is 511
[15:29:58.267] [bmv2] [D] [thread 392723] [1.0] [cxt 0] Dropping packet at the end of ingress
[15:30:15.628] [bmv2] [T] [thread 393448] bm_get_config
[15:30:15.632] [bmv2] [T] [thread 393448] bm_mt_get_entries
[15:30:15.632] [bmv2] [T] [thread 393448] bm_mt_get_entries
[15:30:15.632] [bmv2] [T] [thread 393448] bm_mt_get_entries
[15:30:15.632] [bmv2] [T] [thread 393448] bm_mt_get_entries
[15:30:15.632] [bmv2] [T] [thread 393448] bm_mt_get_entries
[15:30:15.632] [bmv2] [T] [thread 393448] bm_mt_get_entries
[15:30:15.724] [bmv2] [T] [thread 393448] bm_reset_state
[15:30:15.729] [bmv2] [D] [thread 393448] Resetting simple_switch target-specific state
[15:30:15.729] [bmv2] [D] [thread 393448] resetting PRE state
[15:30:15.776] [bmv2] [T] [thread 393448] bm_set_default_action
[15:30:15.776] [bmv2] [D] [thread 393448] Set default entry for table 'MyIngress.ipv4_lpm': MyIngress.drop - 
[15:30:15.776] [bmv2] [T] [thread 393448] bm_set_default_action
[15:30:15.776] [bmv2] [D] [thread 393448] Set default entry for table 'MyIngress.ecmp_group_to_nhop': MyIngress.drop - 
[15:30:15.801] [bmv2] [T] [thread 393448] bm_register_reset
[15:30:15.801] [bmv2] [T] [thread 393448] bm_register_reset
[15:30:15.801] [bmv2] [T] [thread 393448] bm_register_reset
[15:30:15.801] [bmv2] [T] [thread 393448] bm_register_reset
[15:30:15.801] [bmv2] [T] [thread 393448] bm_register_reset
[15:30:15.802] [bmv2] [T] [thread 393448] bm_register_reset
[15:30:15.802] [bmv2] [T] [thread 393448] bm_register_reset
[15:30:15.802] [bmv2] [T] [thread 393448] bm_register_reset
[15:30:15.802] [bmv2] [T] [thread 393448] bm_register_reset
[15:30:15.802] [bmv2] [T] [thread 393448] bm_register_reset
[15:30:15.802] [bmv2] [T] [thread 393448] bm_register_reset
[15:30:15.802] [bmv2] [T] [thread 393448] bm_register_reset
[15:30:15.802] [bmv2] [T] [thread 393448] bm_register_reset
[15:30:15.859] [bmv2] [T] [thread 393448] bm_table_add_entry
[15:30:15.859] [bmv2] [D] [thread 393448] Entry 0 added to table 'MyEgress.update_sketch'
[15:30:15.859] [bmv2] [D] [thread 393448] Dumping entry 0
Match key:
* meta.sketch_fg      : EXACT     00
Action entry: MyEgress.update_sketch0 - 

[15:30:15.860] [bmv2] [T] [thread 393448] bm_table_add_entry
[15:30:15.860] [bmv2] [D] [thread 393448] Entry 1 added to table 'MyEgress.update_sketch'
[15:30:15.860] [bmv2] [D] [thread 393448] Dumping entry 1
Match key:
* meta.sketch_fg      : EXACT     01
Action entry: MyEgress.update_sketch1 - 

[15:30:15.860] [bmv2] [T] [thread 393448] bm_table_add_entry
[15:30:15.860] [bmv2] [D] [thread 393448] Entry 0 added to table 'MyIngress.update_SFH'
[15:30:15.860] [bmv2] [D] [thread 393448] Dumping entry 0
Match key:
* meta.sketch_fg      : EXACT     01
Action entry: MyIngress.update_using_sketch0 - 

[15:30:15.860] [bmv2] [T] [thread 393448] bm_table_add_entry
[15:30:15.860] [bmv2] [D] [thread 393448] Entry 1 added to table 'MyIngress.update_SFH'
[15:30:15.860] [bmv2] [D] [thread 393448] Dumping entry 1
Match key:
* meta.sketch_fg      : EXACT     00
Action entry: MyIngress.update_using_sketch1 - 

[15:30:15.860] [bmv2] [T] [thread 393448] bm_table_add_entry
[15:30:15.860] [bmv2] [D] [thread 393448] Entry 0 added to table 'MyEgress.get_delay_lev'
[15:30:15.860] [bmv2] [D] [thread 393448] Dumping entry 0
Match key:
* meta.switch_delay   : RANGE     000000000000 -> 0000000003e7
Priority: 0
Action entry: MyEgress._get_delay_lev - 0,

[15:30:15.861] [bmv2] [T] [thread 393448] bm_table_add_entry
[15:30:15.861] [bmv2] [D] [thread 393448] Entry 1 added to table 'MyEgress.get_delay_lev'
[15:30:15.861] [bmv2] [D] [thread 393448] Dumping entry 1
Match key:
* meta.switch_delay   : RANGE     0000000003e8 -> 0000000007cf
Priority: 1
Action entry: MyEgress._get_delay_lev - 1,

[15:30:15.861] [bmv2] [T] [thread 393448] bm_table_add_entry
[15:30:15.861] [bmv2] [D] [thread 393448] Entry 2 added to table 'MyEgress.get_delay_lev'
[15:30:15.861] [bmv2] [D] [thread 393448] Dumping entry 2
Match key:
* meta.switch_delay   : RANGE     0000000007d0 -> 000000000bb7
Priority: 2
Action entry: MyEgress._get_delay_lev - 2,

[15:30:15.861] [bmv2] [T] [thread 393448] bm_table_add_entry
[15:30:15.861] [bmv2] [D] [thread 393448] Entry 3 added to table 'MyEgress.get_delay_lev'
[15:30:15.861] [bmv2] [D] [thread 393448] Dumping entry 3
Match key:
* meta.switch_delay   : RANGE     000000000bb8 -> 000000000f9f
Priority: 3
Action entry: MyEgress._get_delay_lev - 3,

[15:30:15.861] [bmv2] [T] [thread 393448] bm_table_add_entry
[15:30:15.861] [bmv2] [D] [thread 393448] Entry 4 added to table 'MyEgress.get_delay_lev'
[15:30:15.861] [bmv2] [D] [thread 393448] Dumping entry 4
Match key:
* meta.switch_delay   : RANGE     000000000fa0 -> 000000001387
Priority: 4
Action entry: MyEgress._get_delay_lev - 4,

[15:30:15.862] [bmv2] [T] [thread 393448] bm_table_add_entry
[15:30:15.862] [bmv2] [D] [thread 393448] Entry 5 added to table 'MyEgress.get_delay_lev'
[15:30:15.862] [bmv2] [D] [thread 393448] Dumping entry 5
Match key:
* meta.switch_delay   : RANGE     000000001388 -> 00000000176f
Priority: 5
Action entry: MyEgress._get_delay_lev - 5,

[15:30:15.862] [bmv2] [T] [thread 393448] bm_table_add_entry
[15:30:15.862] [bmv2] [D] [thread 393448] Entry 6 added to table 'MyEgress.get_delay_lev'
[15:30:15.862] [bmv2] [D] [thread 393448] Dumping entry 6
Match key:
* meta.switch_delay   : RANGE     000000001770 -> 000000001b57
Priority: 6
Action entry: MyEgress._get_delay_lev - 6,

[15:30:15.862] [bmv2] [T] [thread 393448] bm_table_add_entry
[15:30:15.862] [bmv2] [D] [thread 393448] Entry 7 added to table 'MyEgress.get_delay_lev'
[15:30:15.862] [bmv2] [D] [thread 393448] Dumping entry 7
Match key:
* meta.switch_delay   : RANGE     000000001b58 -> 0000000f4240
Priority: 7
Action entry: MyEgress._get_delay_lev - 7,

[15:30:15.862] [bmv2] [T] [thread 393448] bm_table_add_entry
[15:30:15.862] [bmv2] [D] [thread 393448] Entry 0 added to table 'MyIngress.choose_fragment'
[15:30:15.862] [bmv2] [D] [thread 393448] Dumping entry 0
Match key:
* meta.SFH_index      : RANGE     00000000 -> 0000003f
Priority: 0
Action entry: MyIngress._choose_fragment - 0,

[15:30:15.862] [bmv2] [T] [thread 393448] bm_table_add_entry
[15:30:15.863] [bmv2] [D] [thread 393448] Entry 1 added to table 'MyIngress.choose_fragment'
[15:30:15.863] [bmv2] [D] [thread 393448] Dumping entry 1
Match key:
* meta.SFH_index      : RANGE     00000040 -> 0000007f
Priority: 1
Action entry: MyIngress._choose_fragment - 1,

[15:30:15.863] [bmv2] [T] [thread 393448] bm_table_add_entry
[15:30:15.863] [bmv2] [D] [thread 393448] Entry 2 added to table 'MyIngress.choose_fragment'
[15:30:15.863] [bmv2] [D] [thread 393448] Dumping entry 2
Match key:
* meta.SFH_index      : RANGE     00000080 -> 000000c0
Priority: 2
Action entry: MyIngress._choose_fragment - 2,

[15:30:15.907] [bmv2] [T] [thread 393448] bm_set_crc32_custom_parameters
[15:30:15.907] [bmv2] [I] [thread 393448] Updating config of custom crc calc_0: polynomial: 79764919, initial_remainder: 4294967295, final_xor_value: 4294967295, data_reflected: 1, remainder_reflected: 1
[15:30:15.907] [bmv2] [T] [thread 393448] bm_set_crc32_custom_parameters
[15:30:15.907] [bmv2] [I] [thread 393448] Updating config of custom crc calc_1: polynomial: 3988292384, initial_remainder: 4294967295, final_xor_value: 4294967295, data_reflected: 1, remainder_reflected: 1
[15:30:15.907] [bmv2] [T] [thread 393448] bm_set_crc32_custom_parameters
[15:30:15.907] [bmv2] [I] [thread 393448] Updating config of custom crc calc_2: polynomial: 3681617473, initial_remainder: 4294967295, final_xor_value: 4294967295, data_reflected: 1, remainder_reflected: 1
[15:30:15.907] [bmv2] [T] [thread 393448] bm_set_crc32_custom_parameters
[15:30:15.907] [bmv2] [I] [thread 393448] Updating config of custom crc calc_3: polynomial: 2187366107, initial_remainder: 4294967295, final_xor_value: 4294967295, data_reflected: 1, remainder_reflected: 1
[15:30:15.908] [bmv2] [T] [thread 393448] bm_set_crc32_custom_parameters
[15:30:15.908] [bmv2] [I] [thread 393448] Updating config of custom crc calc_4: polynomial: 1947962583, initial_remainder: 4294967295, final_xor_value: 4294967295, data_reflected: 1, remainder_reflected: 1
[15:30:15.908] [bmv2] [T] [thread 393448] bm_set_crc32_custom_parameters
[15:30:15.908] [bmv2] [I] [thread 393448] Updating config of custom crc calc_5: polynomial: 3945912366, initial_remainder: 4294967295, final_xor_value: 4294967295, data_reflected: 1, remainder_reflected: 1
[15:30:16.015] [bmv2] [T] [thread 393448] bm_table_add_entry
[15:30:16.015] [bmv2] [D] [thread 393448] Entry 0 added to table 'MyIngress.ecmp_group_to_nhop'
[15:30:16.015] [bmv2] [D] [thread 393448] Dumping entry 0
Match key:
* meta.ecmp_group_id  : EXACT     0001
* meta.ecmp_hash      : EXACT     0000
Action entry: MyIngress.set_nhop - 1274dd0aaf0d,1,

[15:30:16.015] [bmv2] [T] [thread 393448] bm_table_add_entry
[15:30:16.015] [bmv2] [D] [thread 393448] Entry 1 added to table 'MyIngress.ecmp_group_to_nhop'
[15:30:16.015] [bmv2] [D] [thread 393448] Dumping entry 1
Match key:
* meta.ecmp_group_id  : EXACT     0001
* meta.ecmp_hash      : EXACT     0001
Action entry: MyIngress.set_nhop - fa09e6cca6ed,2,

[15:30:16.016] [bmv2] [T] [thread 393448] bm_table_add_entry
[15:30:16.016] [bmv2] [D] [thread 393448] Entry 0 added to table 'MyIngress.ipv4_lpm'
[15:30:16.016] [bmv2] [D] [thread 393448] Dumping entry 0
Match key:
* hdr.ipv4.dstAddr    : LPM       0a0d0102/24
Action entry: MyIngress.ecmp_group - 1,2,

[15:30:16.016] [bmv2] [T] [thread 393448] bm_table_add_entry
[15:30:16.016] [bmv2] [D] [thread 393448] Entry 1 added to table 'MyIngress.ipv4_lpm'
[15:30:16.016] [bmv2] [D] [thread 393448] Dumping entry 1
Match key:
* hdr.ipv4.dstAddr    : LPM       0a0d0202/24
Action entry: MyIngress.ecmp_group - 1,2,

[15:30:16.016] [bmv2] [T] [thread 393448] bm_table_add_entry
[15:30:16.016] [bmv2] [D] [thread 393448] Entry 2 added to table 'MyIngress.ipv4_lpm'
[15:30:16.016] [bmv2] [D] [thread 393448] Dumping entry 2
Match key:
* hdr.ipv4.dstAddr    : LPM       0a0e0302/24
Action entry: MyIngress.ecmp_group - 1,2,

[15:30:16.016] [bmv2] [T] [thread 393448] bm_table_add_entry
[15:30:16.017] [bmv2] [D] [thread 393448] Entry 3 added to table 'MyIngress.ipv4_lpm'
[15:30:16.017] [bmv2] [D] [thread 393448] Dumping entry 3
Match key:
* hdr.ipv4.dstAddr    : LPM       0a0e0402/24
Action entry: MyIngress.ecmp_group - 1,2,

[15:30:16.017] [bmv2] [T] [thread 393448] bm_table_add_entry
[15:30:16.017] [bmv2] [D] [thread 393448] Entry 4 added to table 'MyIngress.ipv4_lpm'
[15:30:16.017] [bmv2] [D] [thread 393448] Dumping entry 4
Match key:
* hdr.ipv4.dstAddr    : LPM       0a0f0502/24
Action entry: MyIngress.ecmp_group - 1,2,

[15:30:16.017] [bmv2] [T] [thread 393448] bm_table_add_entry
[15:30:16.017] [bmv2] [D] [thread 393448] Entry 5 added to table 'MyIngress.ipv4_lpm'
[15:30:16.017] [bmv2] [D] [thread 393448] Dumping entry 5
Match key:
* hdr.ipv4.dstAddr    : LPM       0a0f0602/24
Action entry: MyIngress.ecmp_group - 1,2,

[15:30:16.018] [bmv2] [T] [thread 393448] bm_table_add_entry
[15:30:16.018] [bmv2] [D] [thread 393448] Entry 6 added to table 'MyIngress.ipv4_lpm'
[15:30:16.018] [bmv2] [D] [thread 393448] Dumping entry 6
Match key:
* hdr.ipv4.dstAddr    : LPM       0a100702/24
Action entry: MyIngress.ecmp_group - 1,2,

[15:30:16.018] [bmv2] [T] [thread 393448] bm_table_add_entry
[15:30:16.018] [bmv2] [D] [thread 393448] Entry 7 added to table 'MyIngress.ipv4_lpm'
[15:30:16.018] [bmv2] [D] [thread 393448] Dumping entry 7
Match key:
* hdr.ipv4.dstAddr    : LPM       0a100802/24
Action entry: MyIngress.ecmp_group - 1,2,

[15:30:16.018] [bmv2] [T] [thread 393448] bm_table_add_entry
[15:30:16.018] [bmv2] [D] [thread 393448] Entry 8 added to table 'MyIngress.ipv4_lpm'
[15:30:16.018] [bmv2] [D] [thread 393448] Dumping entry 8
Match key:
* hdr.ipv4.dstAddr    : LPM       0a110902/24
Action entry: MyIngress.ecmp_group - 1,2,

[15:30:16.019] [bmv2] [T] [thread 393448] bm_table_add_entry
[15:30:16.019] [bmv2] [D] [thread 393448] Entry 9 added to table 'MyIngress.ipv4_lpm'
[15:30:16.019] [bmv2] [D] [thread 393448] Dumping entry 9
Match key:
* hdr.ipv4.dstAddr    : LPM       0a110a02/24
Action entry: MyIngress.ecmp_group - 1,2,

[15:30:16.019] [bmv2] [T] [thread 393448] bm_table_add_entry
[15:30:16.019] [bmv2] [D] [thread 393448] Entry 10 added to table 'MyIngress.ipv4_lpm'
[15:30:16.019] [bmv2] [D] [thread 393448] Dumping entry 10
Match key:
* hdr.ipv4.dstAddr    : LPM       0a120b02/24
Action entry: MyIngress.ecmp_group - 1,2,

[15:30:16.019] [bmv2] [T] [thread 393448] bm_table_add_entry
[15:30:16.019] [bmv2] [D] [thread 393448] Entry 11 added to table 'MyIngress.ipv4_lpm'
[15:30:16.019] [bmv2] [D] [thread 393448] Dumping entry 11
Match key:
* hdr.ipv4.dstAddr    : LPM       0a120c02/24
Action entry: MyIngress.ecmp_group - 1,2,

[15:30:16.020] [bmv2] [T] [thread 393448] bm_table_add_entry
[15:30:16.020] [bmv2] [D] [thread 393448] Entry 12 added to table 'MyIngress.ipv4_lpm'
[15:30:16.020] [bmv2] [D] [thread 393448] Dumping entry 12
Match key:
* hdr.ipv4.dstAddr    : LPM       0a130d02/24
Action entry: MyIngress.set_nhop - ea451157b220,3,

[15:30:16.020] [bmv2] [T] [thread 393448] bm_table_add_entry
[15:30:16.020] [bmv2] [D] [thread 393448] Entry 13 added to table 'MyIngress.ipv4_lpm'
[15:30:16.020] [bmv2] [D] [thread 393448] Dumping entry 13
Match key:
* hdr.ipv4.dstAddr    : LPM       0a130e02/24
Action entry: MyIngress.set_nhop - ea451157b220,3,

[15:30:16.020] [bmv2] [T] [thread 393448] bm_table_add_entry
[15:30:16.020] [bmv2] [D] [thread 393448] Entry 14 added to table 'MyIngress.ipv4_lpm'
[15:30:16.020] [bmv2] [D] [thread 393448] Dumping entry 14
Match key:
* hdr.ipv4.dstAddr    : LPM       0a140f02/24
Action entry: MyIngress.set_nhop - 963d10ff2cfd,4,

[15:30:16.021] [bmv2] [T] [thread 393448] bm_table_add_entry
[15:30:16.021] [bmv2] [D] [thread 393448] Entry 15 added to table 'MyIngress.ipv4_lpm'
[15:30:16.021] [bmv2] [D] [thread 393448] Dumping entry 15
Match key:
* hdr.ipv4.dstAddr    : LPM       0a141002/24
Action entry: MyIngress.set_nhop - 963d10ff2cfd,4,

[15:30:16.089] [bmv2] [T] [thread 393448] bm_register_write
[15:30:16.089] [bmv2] [T] [thread 393448] bm_register_write
[15:30:16.089] [bmv2] [T] [thread 393448] bm_register_write
[15:30:16.089] [bmv2] [T] [thread 393448] bm_register_write
open: No such file or directory
open: No such file or directory
open: No such file or directory
open: No such file or directory
open: No such file or directory
open: No such file or directory
open: No such file or directory
open: No such file or directory
open: No such file or directory
open: No such file or directory
open: No such file or directory
open: No such file or directory
open: No such file or directory
open: No such file or directory
open: No such file or directory
open: No such file or directory
open: No such file or directory
open: No such file or directory
open: No such file or directory
open: No such file or directory
open: No such file or directory
open: No such file or directory
open: No such file or directory
open: No such file or directory
open: No such file or directory
open: No such file or directory
open: No such file or directory
open: No such file or directory
open: No such file or directory
open: No such file or directory
open: No such file or directory
open: No such file or directory
open: No such file or directory
open: No such file or directory
open: No such file or directory
open: No such file or directory
open: No such file or directory
open: No such file or directory
open: No such file or directory
open: No such file or directory
open: No such file or directory
open: No such file or directory
open: No such file or directory
open: No such file or directory
open: No such file or directory
open: No such file or directory
open: No such file or directory
open: No such file or directory
open: No such file or directory
open: No such file or directory
open: No such file or directory
open: No such file or directory
open: No such file or directory
open: No such file or directory
open: No such file or directory
open: No such file or directory
