Calling target program-options parser
[15:29:57.190] [bmv2] [D] [thread 392626] Set default default entry for table 'tbl_ecmp377': ecmp377 - 
[15:29:57.190] [bmv2] [D] [thread 392626] Set default default entry for table 'tbl_ecmp382': ecmp382 - 
[15:29:57.190] [bmv2] [D] [thread 392626] Set default default entry for table 'tbl_predispose': MyIngress.predispose - 
[15:29:57.190] [bmv2] [D] [thread 392626] Set default default entry for table 'tbl_ecmp390': ecmp390 - 
[15:29:57.190] [bmv2] [D] [thread 392626] Set default default entry for table 'tbl_ecmp399': ecmp399 - 
[15:29:57.190] [bmv2] [D] [thread 392626] Set default default entry for table 'tbl_ecmp405': ecmp405 - 
[15:29:57.190] [bmv2] [D] [thread 392626] Set default default entry for table 'MyIngress.choose_fragment': NoAction - 
[15:29:57.190] [bmv2] [D] [thread 392626] Set default default entry for table 'MyIngress.update_SFH': NoAction - 
[15:29:57.190] [bmv2] [D] [thread 392626] Set default default entry for table 'MyIngress.ipv4_lpm': MyIngress.drop - 
[15:29:57.190] [bmv2] [D] [thread 392626] Set default default entry for table 'MyIngress.ecmp_group_to_nhop': NoAction - 
[15:29:57.190] [bmv2] [D] [thread 392626] Set default default entry for table 'tbl_drop': MyIngress.drop - 
[15:29:57.191] [bmv2] [D] [thread 392626] Set default default entry for table 'tbl_ecmp549': ecmp549 - 
[15:29:57.191] [bmv2] [D] [thread 392626] Set default default entry for table 'tbl_ecmp559': ecmp559 - 
[15:29:57.191] [bmv2] [D] [thread 392626] Set default default entry for table 'tbl_ecmp562': ecmp562 - 
[15:29:57.191] [bmv2] [D] [thread 392626] Set default default entry for table 'MyEgress.get_delay_lev': NoAction - 
[15:29:57.191] [bmv2] [D] [thread 392626] Set default default entry for table 'MyEgress.update_sketch': NoAction - 
[15:29:57.191] [bmv2] [D] [thread 392626] Set default default entry for table 'tbl_ecmp576': ecmp576 - 
Adding interface s4-eth1 as port 1
[15:29:57.209] [bmv2] [D] [thread 392626] Adding interface s4-eth1 as port 1
Adding interface s4-eth2 as port 2
[15:29:57.221] [bmv2] [D] [thread 392626] Adding interface s4-eth2 as port 2
Adding interface s4-eth3 as port 3
[15:29:57.245] [bmv2] [D] [thread 392626] Adding interface s4-eth3 as port 3
Adding interface s4-eth4 as port 4
[15:29:57.263] [bmv2] [D] [thread 392626] Adding interface s4-eth4 as port 4
Adding interface s4-cpu-eth0 as port 5
[15:29:57.264] [bmv2] [D] [thread 392626] Adding interface s4-cpu-eth0 as port 5
[15:29:57.283] [bmv2] [I] [thread 392626] Starting Thrift server on port 9093
[15:29:57.284] [bmv2] [I] [thread 392626] Thrift server was started
[15:30:15.592] [bmv2] [T] [thread 393441] bm_get_config
[15:30:15.596] [bmv2] [T] [thread 393441] bm_mt_get_entries
[15:30:15.596] [bmv2] [T] [thread 393441] bm_mt_get_entries
[15:30:15.596] [bmv2] [T] [thread 393441] bm_mt_get_entries
[15:30:15.596] [bmv2] [T] [thread 393441] bm_mt_get_entries
[15:30:15.597] [bmv2] [T] [thread 393441] bm_mt_get_entries
[15:30:15.597] [bmv2] [T] [thread 393441] bm_mt_get_entries
[15:30:15.691] [bmv2] [T] [thread 393441] bm_reset_state
[15:30:15.695] [bmv2] [D] [thread 393441] Resetting simple_switch target-specific state
[15:30:15.695] [bmv2] [D] [thread 393441] resetting PRE state
[15:30:15.773] [bmv2] [T] [thread 393441] bm_set_default_action
[15:30:15.773] [bmv2] [D] [thread 393441] Set default entry for table 'MyIngress.ipv4_lpm': MyIngress.drop - 
[15:30:15.773] [bmv2] [T] [thread 393441] bm_set_default_action
[15:30:15.773] [bmv2] [D] [thread 393441] Set default entry for table 'MyIngress.ecmp_group_to_nhop': MyIngress.drop - 
[15:30:15.785] [bmv2] [T] [thread 393441] bm_register_reset
[15:30:15.786] [bmv2] [T] [thread 393441] bm_register_reset
[15:30:15.786] [bmv2] [T] [thread 393441] bm_register_reset
[15:30:15.786] [bmv2] [T] [thread 393441] bm_register_reset
[15:30:15.786] [bmv2] [T] [thread 393441] bm_register_reset
[15:30:15.786] [bmv2] [T] [thread 393441] bm_register_reset
[15:30:15.786] [bmv2] [T] [thread 393441] bm_register_reset
[15:30:15.787] [bmv2] [T] [thread 393441] bm_register_reset
[15:30:15.787] [bmv2] [T] [thread 393441] bm_register_reset
[15:30:15.787] [bmv2] [T] [thread 393441] bm_register_reset
[15:30:15.787] [bmv2] [T] [thread 393441] bm_register_reset
[15:30:15.787] [bmv2] [T] [thread 393441] bm_register_reset
[15:30:15.787] [bmv2] [T] [thread 393441] bm_register_reset
[15:30:15.832] [bmv2] [T] [thread 393441] bm_table_add_entry
[15:30:15.832] [bmv2] [D] [thread 393441] Entry 0 added to table 'MyEgress.update_sketch'
[15:30:15.832] [bmv2] [D] [thread 393441] Dumping entry 0
Match key:
* meta.sketch_fg      : EXACT     00
Action entry: MyEgress.update_sketch0 - 

[15:30:15.832] [bmv2] [T] [thread 393441] bm_table_add_entry
[15:30:15.832] [bmv2] [D] [thread 393441] Entry 1 added to table 'MyEgress.update_sketch'
[15:30:15.832] [bmv2] [D] [thread 393441] Dumping entry 1
Match key:
* meta.sketch_fg      : EXACT     01
Action entry: MyEgress.update_sketch1 - 

[15:30:15.832] [bmv2] [T] [thread 393441] bm_table_add_entry
[15:30:15.832] [bmv2] [D] [thread 393441] Entry 0 added to table 'MyIngress.update_SFH'
[15:30:15.832] [bmv2] [D] [thread 393441] Dumping entry 0
Match key:
* meta.sketch_fg      : EXACT     01
Action entry: MyIngress.update_using_sketch0 - 

[15:30:15.832] [bmv2] [T] [thread 393441] bm_table_add_entry
[15:30:15.833] [bmv2] [D] [thread 393441] Entry 1 added to table 'MyIngress.update_SFH'
[15:30:15.833] [bmv2] [D] [thread 393441] Dumping entry 1
Match key:
* meta.sketch_fg      : EXACT     00
Action entry: MyIngress.update_using_sketch1 - 

[15:30:15.833] [bmv2] [T] [thread 393441] bm_table_add_entry
[15:30:15.833] [bmv2] [D] [thread 393441] Entry 0 added to table 'MyEgress.get_delay_lev'
[15:30:15.833] [bmv2] [D] [thread 393441] Dumping entry 0
Match key:
* meta.switch_delay   : RANGE     000000000000 -> 0000000003e7
Priority: 0
Action entry: MyEgress._get_delay_lev - 0,

[15:30:15.833] [bmv2] [T] [thread 393441] bm_table_add_entry
[15:30:15.833] [bmv2] [D] [thread 393441] Entry 1 added to table 'MyEgress.get_delay_lev'
[15:30:15.833] [bmv2] [D] [thread 393441] Dumping entry 1
Match key:
* meta.switch_delay   : RANGE     0000000003e8 -> 0000000007cf
Priority: 1
Action entry: MyEgress._get_delay_lev - 1,

[15:30:15.833] [bmv2] [T] [thread 393441] bm_table_add_entry
[15:30:15.833] [bmv2] [D] [thread 393441] Entry 2 added to table 'MyEgress.get_delay_lev'
[15:30:15.833] [bmv2] [D] [thread 393441] Dumping entry 2
Match key:
* meta.switch_delay   : RANGE     0000000007d0 -> 000000000bb7
Priority: 2
Action entry: MyEgress._get_delay_lev - 2,

[15:30:15.833] [bmv2] [T] [thread 393441] bm_table_add_entry
[15:30:15.834] [bmv2] [D] [thread 393441] Entry 3 added to table 'MyEgress.get_delay_lev'
[15:30:15.834] [bmv2] [D] [thread 393441] Dumping entry 3
Match key:
* meta.switch_delay   : RANGE     000000000bb8 -> 000000000f9f
Priority: 3
Action entry: MyEgress._get_delay_lev - 3,

[15:30:15.834] [bmv2] [T] [thread 393441] bm_table_add_entry
[15:30:15.834] [bmv2] [D] [thread 393441] Entry 4 added to table 'MyEgress.get_delay_lev'
[15:30:15.834] [bmv2] [D] [thread 393441] Dumping entry 4
Match key:
* meta.switch_delay   : RANGE     000000000fa0 -> 000000001387
Priority: 4
Action entry: MyEgress._get_delay_lev - 4,

[15:30:15.834] [bmv2] [T] [thread 393441] bm_table_add_entry
[15:30:15.834] [bmv2] [D] [thread 393441] Entry 5 added to table 'MyEgress.get_delay_lev'
[15:30:15.834] [bmv2] [D] [thread 393441] Dumping entry 5
Match key:
* meta.switch_delay   : RANGE     000000001388 -> 00000000176f
Priority: 5
Action entry: MyEgress._get_delay_lev - 5,

[15:30:15.834] [bmv2] [T] [thread 393441] bm_table_add_entry
[15:30:15.834] [bmv2] [D] [thread 393441] Entry 6 added to table 'MyEgress.get_delay_lev'
[15:30:15.834] [bmv2] [D] [thread 393441] Dumping entry 6
Match key:
* meta.switch_delay   : RANGE     000000001770 -> 000000001b57
Priority: 6
Action entry: MyEgress._get_delay_lev - 6,

[15:30:15.834] [bmv2] [T] [thread 393441] bm_table_add_entry
[15:30:15.834] [bmv2] [D] [thread 393441] Entry 7 added to table 'MyEgress.get_delay_lev'
[15:30:15.834] [bmv2] [D] [thread 393441] Dumping entry 7
Match key:
* meta.switch_delay   : RANGE     000000001b58 -> 0000000f4240
Priority: 7
Action entry: MyEgress._get_delay_lev - 7,

[15:30:15.835] [bmv2] [T] [thread 393441] bm_table_add_entry
[15:30:15.835] [bmv2] [D] [thread 393441] Entry 0 added to table 'MyIngress.choose_fragment'
[15:30:15.835] [bmv2] [D] [thread 393441] Dumping entry 0
Match key:
* meta.SFH_index      : RANGE     00000000 -> 0000003f
Priority: 0
Action entry: MyIngress._choose_fragment - 0,

[15:30:15.835] [bmv2] [T] [thread 393441] bm_table_add_entry
[15:30:15.835] [bmv2] [D] [thread 393441] Entry 1 added to table 'MyIngress.choose_fragment'
[15:30:15.835] [bmv2] [D] [thread 393441] Dumping entry 1
Match key:
* meta.SFH_index      : RANGE     00000040 -> 0000007f
Priority: 1
Action entry: MyIngress._choose_fragment - 1,

[15:30:15.835] [bmv2] [T] [thread 393441] bm_table_add_entry
[15:30:15.835] [bmv2] [D] [thread 393441] Entry 2 added to table 'MyIngress.choose_fragment'
[15:30:15.835] [bmv2] [D] [thread 393441] Dumping entry 2
Match key:
* meta.SFH_index      : RANGE     00000080 -> 000000c0
Priority: 2
Action entry: MyIngress._choose_fragment - 2,

[15:30:15.901] [bmv2] [T] [thread 393441] bm_set_crc32_custom_parameters
[15:30:15.901] [bmv2] [I] [thread 393441] Updating config of custom crc calc_0: polynomial: 79764919, initial_remainder: 4294967295, final_xor_value: 4294967295, data_reflected: 1, remainder_reflected: 1
[15:30:15.901] [bmv2] [T] [thread 393441] bm_set_crc32_custom_parameters
[15:30:15.901] [bmv2] [I] [thread 393441] Updating config of custom crc calc_1: polynomial: 3988292384, initial_remainder: 4294967295, final_xor_value: 4294967295, data_reflected: 1, remainder_reflected: 1
[15:30:15.902] [bmv2] [T] [thread 393441] bm_set_crc32_custom_parameters
[15:30:15.902] [bmv2] [I] [thread 393441] Updating config of custom crc calc_2: polynomial: 3681617473, initial_remainder: 4294967295, final_xor_value: 4294967295, data_reflected: 1, remainder_reflected: 1
[15:30:15.902] [bmv2] [T] [thread 393441] bm_set_crc32_custom_parameters
[15:30:15.902] [bmv2] [I] [thread 393441] Updating config of custom crc calc_3: polynomial: 2187366107, initial_remainder: 4294967295, final_xor_value: 4294967295, data_reflected: 1, remainder_reflected: 1
[15:30:15.902] [bmv2] [T] [thread 393441] bm_set_crc32_custom_parameters
[15:30:15.902] [bmv2] [I] [thread 393441] Updating config of custom crc calc_4: polynomial: 1947962583, initial_remainder: 4294967295, final_xor_value: 4294967295, data_reflected: 1, remainder_reflected: 1
[15:30:15.902] [bmv2] [T] [thread 393441] bm_set_crc32_custom_parameters
[15:30:15.902] [bmv2] [I] [thread 393441] Updating config of custom crc calc_5: polynomial: 3945912366, initial_remainder: 4294967295, final_xor_value: 4294967295, data_reflected: 1, remainder_reflected: 1
[15:30:15.953] [bmv2] [T] [thread 393441] bm_table_add_entry
[15:30:15.953] [bmv2] [D] [thread 393441] Entry 0 added to table 'MyIngress.ipv4_lpm'
[15:30:15.953] [bmv2] [D] [thread 393441] Dumping entry 0
Match key:
* hdr.ipv4.dstAddr    : LPM       0a0d0102/24
Action entry: MyIngress.set_nhop - af33ea1ba48,1,

[15:30:15.954] [bmv2] [T] [thread 393441] bm_table_add_entry
[15:30:15.954] [bmv2] [D] [thread 393441] Entry 1 added to table 'MyIngress.ipv4_lpm'
[15:30:15.954] [bmv2] [D] [thread 393441] Dumping entry 1
Match key:
* hdr.ipv4.dstAddr    : LPM       0a0d0202/24
Action entry: MyIngress.set_nhop - af33ea1ba48,1,

[15:30:15.954] [bmv2] [T] [thread 393441] bm_table_add_entry
[15:30:15.954] [bmv2] [D] [thread 393441] Entry 2 added to table 'MyIngress.ipv4_lpm'
[15:30:15.954] [bmv2] [D] [thread 393441] Dumping entry 2
Match key:
* hdr.ipv4.dstAddr    : LPM       0a0e0302/24
Action entry: MyIngress.set_nhop - af33ea1ba48,1,

[15:30:15.955] [bmv2] [T] [thread 393441] bm_table_add_entry
[15:30:15.955] [bmv2] [D] [thread 393441] Entry 3 added to table 'MyIngress.ipv4_lpm'
[15:30:15.955] [bmv2] [D] [thread 393441] Dumping entry 3
Match key:
* hdr.ipv4.dstAddr    : LPM       0a0e0402/24
Action entry: MyIngress.set_nhop - af33ea1ba48,1,

[15:30:15.955] [bmv2] [T] [thread 393441] bm_table_add_entry
[15:30:15.955] [bmv2] [D] [thread 393441] Entry 4 added to table 'MyIngress.ipv4_lpm'
[15:30:15.955] [bmv2] [D] [thread 393441] Dumping entry 4
Match key:
* hdr.ipv4.dstAddr    : LPM       0a0f0502/24
Action entry: MyIngress.set_nhop - ea643d6bf2da,2,

[15:30:15.956] [bmv2] [T] [thread 393441] bm_table_add_entry
[15:30:15.956] [bmv2] [D] [thread 393441] Entry 5 added to table 'MyIngress.ipv4_lpm'
[15:30:15.956] [bmv2] [D] [thread 393441] Dumping entry 5
Match key:
* hdr.ipv4.dstAddr    : LPM       0a0f0602/24
Action entry: MyIngress.set_nhop - ea643d6bf2da,2,

[15:30:15.956] [bmv2] [T] [thread 393441] bm_table_add_entry
[15:30:15.957] [bmv2] [D] [thread 393441] Entry 6 added to table 'MyIngress.ipv4_lpm'
[15:30:15.957] [bmv2] [D] [thread 393441] Dumping entry 6
Match key:
* hdr.ipv4.dstAddr    : LPM       0a100702/24
Action entry: MyIngress.set_nhop - ea643d6bf2da,2,

[15:30:15.957] [bmv2] [T] [thread 393441] bm_table_add_entry
[15:30:15.957] [bmv2] [D] [thread 393441] Entry 7 added to table 'MyIngress.ipv4_lpm'
[15:30:15.957] [bmv2] [D] [thread 393441] Dumping entry 7
Match key:
* hdr.ipv4.dstAddr    : LPM       0a100802/24
Action entry: MyIngress.set_nhop - ea643d6bf2da,2,

[15:30:15.957] [bmv2] [T] [thread 393441] bm_table_add_entry
[15:30:15.957] [bmv2] [D] [thread 393441] Entry 8 added to table 'MyIngress.ipv4_lpm'
[15:30:15.958] [bmv2] [D] [thread 393441] Dumping entry 8
Match key:
* hdr.ipv4.dstAddr    : LPM       0a110902/24
Action entry: MyIngress.set_nhop - 9a00fc4a3aba,3,

[15:30:15.958] [bmv2] [T] [thread 393441] bm_table_add_entry
[15:30:15.958] [bmv2] [D] [thread 393441] Entry 9 added to table 'MyIngress.ipv4_lpm'
[15:30:15.958] [bmv2] [D] [thread 393441] Dumping entry 9
Match key:
* hdr.ipv4.dstAddr    : LPM       0a110a02/24
Action entry: MyIngress.set_nhop - 9a00fc4a3aba,3,

[15:30:15.958] [bmv2] [T] [thread 393441] bm_table_add_entry
[15:30:15.958] [bmv2] [D] [thread 393441] Entry 10 added to table 'MyIngress.ipv4_lpm'
[15:30:15.958] [bmv2] [D] [thread 393441] Dumping entry 10
Match key:
* hdr.ipv4.dstAddr    : LPM       0a120b02/24
Action entry: MyIngress.set_nhop - 9a00fc4a3aba,3,

[15:30:15.959] [bmv2] [T] [thread 393441] bm_table_add_entry
[15:30:15.959] [bmv2] [D] [thread 393441] Entry 11 added to table 'MyIngress.ipv4_lpm'
[15:30:15.959] [bmv2] [D] [thread 393441] Dumping entry 11
Match key:
* hdr.ipv4.dstAddr    : LPM       0a120c02/24
Action entry: MyIngress.set_nhop - 9a00fc4a3aba,3,

[15:30:15.959] [bmv2] [T] [thread 393441] bm_table_add_entry
[15:30:15.959] [bmv2] [D] [thread 393441] Entry 12 added to table 'MyIngress.ipv4_lpm'
[15:30:15.959] [bmv2] [D] [thread 393441] Dumping entry 12
Match key:
* hdr.ipv4.dstAddr    : LPM       0a130d02/24
Action entry: MyIngress.set_nhop - 6355734355d,4,

[15:30:15.960] [bmv2] [T] [thread 393441] bm_table_add_entry
[15:30:15.960] [bmv2] [D] [thread 393441] Entry 13 added to table 'MyIngress.ipv4_lpm'
[15:30:15.960] [bmv2] [D] [thread 393441] Dumping entry 13
Match key:
* hdr.ipv4.dstAddr    : LPM       0a130e02/24
Action entry: MyIngress.set_nhop - 6355734355d,4,

[15:30:15.960] [bmv2] [T] [thread 393441] bm_table_add_entry
[15:30:15.960] [bmv2] [D] [thread 393441] Entry 14 added to table 'MyIngress.ipv4_lpm'
[15:30:15.960] [bmv2] [D] [thread 393441] Dumping entry 14
Match key:
* hdr.ipv4.dstAddr    : LPM       0a140f02/24
Action entry: MyIngress.set_nhop - 6355734355d,4,

[15:30:15.961] [bmv2] [T] [thread 393441] bm_table_add_entry
[15:30:15.961] [bmv2] [D] [thread 393441] Entry 15 added to table 'MyIngress.ipv4_lpm'
[15:30:15.961] [bmv2] [D] [thread 393441] Dumping entry 15
Match key:
* hdr.ipv4.dstAddr    : LPM       0a141002/24
Action entry: MyIngress.set_nhop - 6355734355d,4,

[15:30:16.086] [bmv2] [T] [thread 393441] bm_register_write
[15:30:16.086] [bmv2] [T] [thread 393441] bm_register_write
[15:30:16.087] [bmv2] [T] [thread 393441] bm_register_write
[15:30:16.087] [bmv2] [T] [thread 393441] bm_register_write
open: No such file or directory
open: No such file or directory
open: No such file or directory
open: No such file or directory
open: No such file or directory
open: No such file or directory
open: No such file or directory
open: No such file or directory
open: No such file or directory
open: No such file or directory
open: No such file or directory
open: No such file or directory
open: No such file or directory
open: No such file or directory
open: No such file or directory
open: No such file or directory
open: No such file or directory
open: No such file or directory
open: No such file or directory
open: No such file or directory
open: No such file or directory
open: No such file or directory
open: No such file or directory
open: No such file or directory
open: No such file or directory
open: No such file or directory
open: No such file or directory
open: No such file or directory
open: No such file or directory
open: No such file or directory
open: No such file or directory
open: No such file or directory
open: No such file or directory
open: No such file or directory
open: No such file or directory
open: No such file or directory
open: No such file or directory
open: No such file or directory
open: No such file or directory
open: No such file or directory
open: No such file or directory
