Calling target program-options parser
[15:29:56.961] [bmv2] [D] [thread 392600] Set default default entry for table 'tbl_ecmp377': ecmp377 - 
[15:29:56.961] [bmv2] [D] [thread 392600] Set default default entry for table 'tbl_ecmp382': ecmp382 - 
[15:29:56.961] [bmv2] [D] [thread 392600] Set default default entry for table 'tbl_predispose': MyIngress.predispose - 
[15:29:56.961] [bmv2] [D] [thread 392600] Set default default entry for table 'tbl_ecmp390': ecmp390 - 
[15:29:56.961] [bmv2] [D] [thread 392600] Set default default entry for table 'tbl_ecmp399': ecmp399 - 
[15:29:56.961] [bmv2] [D] [thread 392600] Set default default entry for table 'tbl_ecmp405': ecmp405 - 
[15:29:56.961] [bmv2] [D] [thread 392600] Set default default entry for table 'MyIngress.choose_fragment': NoAction - 
[15:29:56.961] [bmv2] [D] [thread 392600] Set default default entry for table 'MyIngress.update_SFH': NoAction - 
[15:29:56.961] [bmv2] [D] [thread 392600] Set default default entry for table 'MyIngress.ipv4_lpm': MyIngress.drop - 
[15:29:56.961] [bmv2] [D] [thread 392600] Set default default entry for table 'MyIngress.ecmp_group_to_nhop': NoAction - 
[15:29:56.961] [bmv2] [D] [thread 392600] Set default default entry for table 'tbl_drop': MyIngress.drop - 
[15:29:56.962] [bmv2] [D] [thread 392600] Set default default entry for table 'tbl_ecmp549': ecmp549 - 
[15:29:56.962] [bmv2] [D] [thread 392600] Set default default entry for table 'tbl_ecmp559': ecmp559 - 
[15:29:56.962] [bmv2] [D] [thread 392600] Set default default entry for table 'tbl_ecmp562': ecmp562 - 
[15:29:56.962] [bmv2] [D] [thread 392600] Set default default entry for table 'MyEgress.get_delay_lev': NoAction - 
[15:29:56.962] [bmv2] [D] [thread 392600] Set default default entry for table 'MyEgress.update_sketch': NoAction - 
[15:29:56.962] [bmv2] [D] [thread 392600] Set default default entry for table 'tbl_ecmp576': ecmp576 - 
Adding interface s2-eth1 as port 1
[15:29:56.980] [bmv2] [D] [thread 392600] Adding interface s2-eth1 as port 1
Adding interface s2-eth2 as port 2
[15:29:57.002] [bmv2] [D] [thread 392600] Adding interface s2-eth2 as port 2
Adding interface s2-eth3 as port 3
[15:29:57.003] [bmv2] [D] [thread 392600] Adding interface s2-eth3 as port 3
Adding interface s2-eth4 as port 4
[15:29:57.005] [bmv2] [D] [thread 392600] Adding interface s2-eth4 as port 4
Adding interface s2-cpu-eth0 as port 5
[15:29:57.006] [bmv2] [D] [thread 392600] Adding interface s2-cpu-eth0 as port 5
[15:29:57.007] [bmv2] [I] [thread 392600] Starting Thrift server on port 9091
[15:29:57.007] [bmv2] [I] [thread 392600] Thrift server was started
[15:29:59.092] [bmv2] [D] [thread 392606] [0.0] [cxt 0] Processing packet received on port 5
[15:29:59.092] [bmv2] [D] [thread 392606] [0.0] [cxt 0] Parser 'parser': start
[15:29:59.092] [bmv2] [D] [thread 392606] [0.0] [cxt 0] Parser 'parser' entering state 'start'
[15:29:59.092] [bmv2] [D] [thread 392606] [0.0] [cxt 0] Extracting header 'ethernet'
[15:29:59.092] [bmv2] [D] [thread 392606] [0.0] [cxt 0] Parser state 'start': key is 86dd
[15:29:59.092] [bmv2] [T] [thread 392606] [0.0] [cxt 0] Bytes parsed: 14
[15:29:59.092] [bmv2] [D] [thread 392606] [0.0] [cxt 0] Parser 'parser': end
[15:29:59.092] [bmv2] [D] [thread 392606] [0.0] [cxt 0] Pipeline 'ingress': start
[15:29:59.092] [bmv2] [T] [thread 392606] [0.0] [cxt 0] /home/guang/p4/zsy/SrSketch/p4src/p4src_sum/ecmp.p4(369) Condition "hdr.ipv4.isValid()&&hdr.ipv4.ttl > 1" (node_2) is false
[15:29:59.092] [bmv2] [T] [thread 392606] [0.0] [cxt 0] Applying table 'tbl_drop'
[15:29:59.092] [bmv2] [D] [thread 392606] [0.0] [cxt 0] Looking up key:

[15:29:59.092] [bmv2] [D] [thread 392606] [0.0] [cxt 0] Table 'tbl_drop': miss
[15:29:59.092] [bmv2] [D] [thread 392606] [0.0] [cxt 0] Action entry is MyIngress.drop - 
[15:29:59.092] [bmv2] [T] [thread 392606] [0.0] [cxt 0] Action MyIngress.drop
[15:29:59.092] [bmv2] [T] [thread 392606] [0.0] [cxt 0] /home/guang/p4/zsy/SrSketch/p4src/p4src_sum/ecmp.p4(293) Primitive mark_to_drop(standard_metadata)
[15:29:59.092] [bmv2] [D] [thread 392606] [0.0] [cxt 0] Pipeline 'ingress': end
[15:29:59.092] [bmv2] [D] [thread 392606] [0.0] [cxt 0] Egress port is 511
[15:29:59.092] [bmv2] [D] [thread 392606] [0.0] [cxt 0] Dropping packet at the end of ingress
[15:29:59.355] [bmv2] [D] [thread 392606] [1.0] [cxt 0] Processing packet received on port 1
[15:29:59.355] [bmv2] [D] [thread 392606] [1.0] [cxt 0] Parser 'parser': start
[15:29:59.355] [bmv2] [D] [thread 392606] [1.0] [cxt 0] Parser 'parser' entering state 'start'
[15:29:59.355] [bmv2] [D] [thread 392606] [1.0] [cxt 0] Extracting header 'ethernet'
[15:29:59.355] [bmv2] [D] [thread 392606] [1.0] [cxt 0] Parser state 'start': key is 86dd
[15:29:59.355] [bmv2] [T] [thread 392606] [1.0] [cxt 0] Bytes parsed: 14
[15:29:59.355] [bmv2] [D] [thread 392606] [1.0] [cxt 0] Parser 'parser': end
[15:29:59.355] [bmv2] [D] [thread 392606] [1.0] [cxt 0] Pipeline 'ingress': start
[15:29:59.355] [bmv2] [T] [thread 392606] [1.0] [cxt 0] /home/guang/p4/zsy/SrSketch/p4src/p4src_sum/ecmp.p4(369) Condition "hdr.ipv4.isValid()&&hdr.ipv4.ttl > 1" (node_2) is false
[15:29:59.355] [bmv2] [T] [thread 392606] [1.0] [cxt 0] Applying table 'tbl_drop'
[15:29:59.355] [bmv2] [D] [thread 392606] [1.0] [cxt 0] Looking up key:

[15:29:59.355] [bmv2] [D] [thread 392606] [1.0] [cxt 0] Table 'tbl_drop': miss
[15:29:59.355] [bmv2] [D] [thread 392606] [1.0] [cxt 0] Action entry is MyIngress.drop - 
[15:29:59.355] [bmv2] [T] [thread 392606] [1.0] [cxt 0] Action MyIngress.drop
[15:29:59.355] [bmv2] [T] [thread 392606] [1.0] [cxt 0] /home/guang/p4/zsy/SrSketch/p4src/p4src_sum/ecmp.p4(293) Primitive mark_to_drop(standard_metadata)
[15:29:59.355] [bmv2] [D] [thread 392606] [1.0] [cxt 0] Pipeline 'ingress': end
[15:29:59.355] [bmv2] [D] [thread 392606] [1.0] [cxt 0] Egress port is 511
[15:29:59.355] [bmv2] [D] [thread 392606] [1.0] [cxt 0] Dropping packet at the end of ingress
[15:29:59.356] [bmv2] [D] [thread 392606] [2.0] [cxt 0] Processing packet received on port 1
[15:29:59.356] [bmv2] [D] [thread 392606] [2.0] [cxt 0] Parser 'parser': start
[15:29:59.356] [bmv2] [D] [thread 392606] [2.0] [cxt 0] Parser 'parser' entering state 'start'
[15:29:59.356] [bmv2] [D] [thread 392606] [2.0] [cxt 0] Extracting header 'ethernet'
[15:29:59.356] [bmv2] [D] [thread 392606] [2.0] [cxt 0] Parser state 'start': key is 86dd
[15:29:59.356] [bmv2] [T] [thread 392606] [2.0] [cxt 0] Bytes parsed: 14
[15:29:59.356] [bmv2] [D] [thread 392606] [2.0] [cxt 0] Parser 'parser': end
[15:29:59.356] [bmv2] [D] [thread 392606] [2.0] [cxt 0] Pipeline 'ingress': start
[15:29:59.356] [bmv2] [T] [thread 392606] [2.0] [cxt 0] /home/guang/p4/zsy/SrSketch/p4src/p4src_sum/ecmp.p4(369) Condition "hdr.ipv4.isValid()&&hdr.ipv4.ttl > 1" (node_2) is false
[15:29:59.356] [bmv2] [T] [thread 392606] [2.0] [cxt 0] Applying table 'tbl_drop'
[15:29:59.356] [bmv2] [D] [thread 392606] [2.0] [cxt 0] Looking up key:

[15:29:59.356] [bmv2] [D] [thread 392606] [2.0] [cxt 0] Table 'tbl_drop': miss
[15:29:59.356] [bmv2] [D] [thread 392606] [2.0] [cxt 0] Action entry is MyIngress.drop - 
[15:29:59.356] [bmv2] [T] [thread 392606] [2.0] [cxt 0] Action MyIngress.drop
[15:29:59.356] [bmv2] [T] [thread 392606] [2.0] [cxt 0] /home/guang/p4/zsy/SrSketch/p4src/p4src_sum/ecmp.p4(293) Primitive mark_to_drop(standard_metadata)
[15:29:59.356] [bmv2] [D] [thread 392606] [2.0] [cxt 0] Pipeline 'ingress': end
[15:29:59.356] [bmv2] [D] [thread 392606] [2.0] [cxt 0] Egress port is 511
[15:29:59.356] [bmv2] [D] [thread 392606] [2.0] [cxt 0] Dropping packet at the end of ingress
[15:29:59.611] [bmv2] [D] [thread 392606] [3.0] [cxt 0] Processing packet received on port 3
[15:29:59.611] [bmv2] [D] [thread 392606] [3.0] [cxt 0] Parser 'parser': start
[15:29:59.611] [bmv2] [D] [thread 392606] [3.0] [cxt 0] Parser 'parser' entering state 'start'
[15:29:59.611] [bmv2] [D] [thread 392606] [3.0] [cxt 0] Extracting header 'ethernet'
[15:29:59.611] [bmv2] [D] [thread 392606] [3.0] [cxt 0] Parser state 'start': key is 86dd
[15:29:59.611] [bmv2] [T] [thread 392606] [3.0] [cxt 0] Bytes parsed: 14
[15:29:59.611] [bmv2] [D] [thread 392606] [3.0] [cxt 0] Parser 'parser': end
[15:29:59.611] [bmv2] [D] [thread 392606] [3.0] [cxt 0] Pipeline 'ingress': start
[15:29:59.611] [bmv2] [T] [thread 392606] [3.0] [cxt 0] /home/guang/p4/zsy/SrSketch/p4src/p4src_sum/ecmp.p4(369) Condition "hdr.ipv4.isValid()&&hdr.ipv4.ttl > 1" (node_2) is false
[15:29:59.611] [bmv2] [T] [thread 392606] [3.0] [cxt 0] Applying table 'tbl_drop'
[15:29:59.611] [bmv2] [D] [thread 392606] [3.0] [cxt 0] Looking up key:

[15:29:59.611] [bmv2] [D] [thread 392606] [3.0] [cxt 0] Table 'tbl_drop': miss
[15:29:59.611] [bmv2] [D] [thread 392606] [3.0] [cxt 0] Action entry is MyIngress.drop - 
[15:29:59.611] [bmv2] [T] [thread 392606] [3.0] [cxt 0] Action MyIngress.drop
[15:29:59.611] [bmv2] [T] [thread 392606] [3.0] [cxt 0] /home/guang/p4/zsy/SrSketch/p4src/p4src_sum/ecmp.p4(293) Primitive mark_to_drop(standard_metadata)
[15:29:59.611] [bmv2] [D] [thread 392606] [3.0] [cxt 0] Pipeline 'ingress': end
[15:29:59.611] [bmv2] [D] [thread 392606] [3.0] [cxt 0] Egress port is 511
[15:29:59.611] [bmv2] [D] [thread 392606] [3.0] [cxt 0] Dropping packet at the end of ingress
[15:30:15.532] [bmv2] [T] [thread 393439] bm_get_config
[15:30:15.536] [bmv2] [T] [thread 393439] bm_mt_get_entries
[15:30:15.537] [bmv2] [T] [thread 393439] bm_mt_get_entries
[15:30:15.537] [bmv2] [T] [thread 393439] bm_mt_get_entries
[15:30:15.537] [bmv2] [T] [thread 393439] bm_mt_get_entries
[15:30:15.537] [bmv2] [T] [thread 393439] bm_mt_get_entries
[15:30:15.537] [bmv2] [T] [thread 393439] bm_mt_get_entries
[15:30:15.682] [bmv2] [T] [thread 393439] bm_reset_state
[15:30:15.687] [bmv2] [D] [thread 393439] Resetting simple_switch target-specific state
[15:30:15.687] [bmv2] [D] [thread 393439] resetting PRE state
[15:30:15.773] [bmv2] [T] [thread 393439] bm_set_default_action
[15:30:15.773] [bmv2] [D] [thread 393439] Set default entry for table 'MyIngress.ipv4_lpm': MyIngress.drop - 
[15:30:15.773] [bmv2] [T] [thread 393439] bm_set_default_action
[15:30:15.773] [bmv2] [D] [thread 393439] Set default entry for table 'MyIngress.ecmp_group_to_nhop': MyIngress.drop - 
[15:30:15.782] [bmv2] [T] [thread 393439] bm_register_reset
[15:30:15.782] [bmv2] [T] [thread 393439] bm_register_reset
[15:30:15.782] [bmv2] [T] [thread 393439] bm_register_reset
[15:30:15.782] [bmv2] [T] [thread 393439] bm_register_reset
[15:30:15.783] [bmv2] [T] [thread 393439] bm_register_reset
[15:30:15.783] [bmv2] [T] [thread 393439] bm_register_reset
[15:30:15.783] [bmv2] [T] [thread 393439] bm_register_reset
[15:30:15.783] [bmv2] [T] [thread 393439] bm_register_reset
[15:30:15.783] [bmv2] [T] [thread 393439] bm_register_reset
[15:30:15.783] [bmv2] [T] [thread 393439] bm_register_reset
[15:30:15.783] [bmv2] [T] [thread 393439] bm_register_reset
[15:30:15.783] [bmv2] [T] [thread 393439] bm_register_reset
[15:30:15.784] [bmv2] [T] [thread 393439] bm_register_reset
[15:30:15.824] [bmv2] [T] [thread 393439] bm_table_add_entry
[15:30:15.824] [bmv2] [D] [thread 393439] Entry 0 added to table 'MyEgress.update_sketch'
[15:30:15.824] [bmv2] [D] [thread 393439] Dumping entry 0
Match key:
* meta.sketch_fg      : EXACT     00
Action entry: MyEgress.update_sketch0 - 

[15:30:15.825] [bmv2] [T] [thread 393439] bm_table_add_entry
[15:30:15.825] [bmv2] [D] [thread 393439] Entry 1 added to table 'MyEgress.update_sketch'
[15:30:15.825] [bmv2] [D] [thread 393439] Dumping entry 1
Match key:
* meta.sketch_fg      : EXACT     01
Action entry: MyEgress.update_sketch1 - 

[15:30:15.825] [bmv2] [T] [thread 393439] bm_table_add_entry
[15:30:15.825] [bmv2] [D] [thread 393439] Entry 0 added to table 'MyIngress.update_SFH'
[15:30:15.825] [bmv2] [D] [thread 393439] Dumping entry 0
Match key:
* meta.sketch_fg      : EXACT     01
Action entry: MyIngress.update_using_sketch0 - 

[15:30:15.825] [bmv2] [T] [thread 393439] bm_table_add_entry
[15:30:15.825] [bmv2] [D] [thread 393439] Entry 1 added to table 'MyIngress.update_SFH'
[15:30:15.825] [bmv2] [D] [thread 393439] Dumping entry 1
Match key:
* meta.sketch_fg      : EXACT     00
Action entry: MyIngress.update_using_sketch1 - 

[15:30:15.825] [bmv2] [T] [thread 393439] bm_table_add_entry
[15:30:15.825] [bmv2] [D] [thread 393439] Entry 0 added to table 'MyEgress.get_delay_lev'
[15:30:15.825] [bmv2] [D] [thread 393439] Dumping entry 0
Match key:
* meta.switch_delay   : RANGE     000000000000 -> 0000000003e7
Priority: 0
Action entry: MyEgress._get_delay_lev - 0,

[15:30:15.826] [bmv2] [T] [thread 393439] bm_table_add_entry
[15:30:15.826] [bmv2] [D] [thread 393439] Entry 1 added to table 'MyEgress.get_delay_lev'
[15:30:15.826] [bmv2] [D] [thread 393439] Dumping entry 1
Match key:
* meta.switch_delay   : RANGE     0000000003e8 -> 0000000007cf
Priority: 1
Action entry: MyEgress._get_delay_lev - 1,

[15:30:15.826] [bmv2] [T] [thread 393439] bm_table_add_entry
[15:30:15.826] [bmv2] [D] [thread 393439] Entry 2 added to table 'MyEgress.get_delay_lev'
[15:30:15.826] [bmv2] [D] [thread 393439] Dumping entry 2
Match key:
* meta.switch_delay   : RANGE     0000000007d0 -> 000000000bb7
Priority: 2
Action entry: MyEgress._get_delay_lev - 2,

[15:30:15.826] [bmv2] [T] [thread 393439] bm_table_add_entry
[15:30:15.826] [bmv2] [D] [thread 393439] Entry 3 added to table 'MyEgress.get_delay_lev'
[15:30:15.826] [bmv2] [D] [thread 393439] Dumping entry 3
Match key:
* meta.switch_delay   : RANGE     000000000bb8 -> 000000000f9f
Priority: 3
Action entry: MyEgress._get_delay_lev - 3,

[15:30:15.826] [bmv2] [T] [thread 393439] bm_table_add_entry
[15:30:15.826] [bmv2] [D] [thread 393439] Entry 4 added to table 'MyEgress.get_delay_lev'
[15:30:15.826] [bmv2] [D] [thread 393439] Dumping entry 4
Match key:
* meta.switch_delay   : RANGE     000000000fa0 -> 000000001387
Priority: 4
Action entry: MyEgress._get_delay_lev - 4,

[15:30:15.827] [bmv2] [T] [thread 393439] bm_table_add_entry
[15:30:15.827] [bmv2] [D] [thread 393439] Entry 5 added to table 'MyEgress.get_delay_lev'
[15:30:15.827] [bmv2] [D] [thread 393439] Dumping entry 5
Match key:
* meta.switch_delay   : RANGE     000000001388 -> 00000000176f
Priority: 5
Action entry: MyEgress._get_delay_lev - 5,

[15:30:15.827] [bmv2] [T] [thread 393439] bm_table_add_entry
[15:30:15.827] [bmv2] [D] [thread 393439] Entry 6 added to table 'MyEgress.get_delay_lev'
[15:30:15.827] [bmv2] [D] [thread 393439] Dumping entry 6
Match key:
* meta.switch_delay   : RANGE     000000001770 -> 000000001b57
Priority: 6
Action entry: MyEgress._get_delay_lev - 6,

[15:30:15.827] [bmv2] [T] [thread 393439] bm_table_add_entry
[15:30:15.827] [bmv2] [D] [thread 393439] Entry 7 added to table 'MyEgress.get_delay_lev'
[15:30:15.827] [bmv2] [D] [thread 393439] Dumping entry 7
Match key:
* meta.switch_delay   : RANGE     000000001b58 -> 0000000f4240
Priority: 7
Action entry: MyEgress._get_delay_lev - 7,

[15:30:15.827] [bmv2] [T] [thread 393439] bm_table_add_entry
[15:30:15.827] [bmv2] [D] [thread 393439] Entry 0 added to table 'MyIngress.choose_fragment'
[15:30:15.827] [bmv2] [D] [thread 393439] Dumping entry 0
Match key:
* meta.SFH_index      : RANGE     00000000 -> 0000003f
Priority: 0
Action entry: MyIngress._choose_fragment - 0,

[15:30:15.828] [bmv2] [T] [thread 393439] bm_table_add_entry
[15:30:15.828] [bmv2] [D] [thread 393439] Entry 1 added to table 'MyIngress.choose_fragment'
[15:30:15.828] [bmv2] [D] [thread 393439] Dumping entry 1
Match key:
* meta.SFH_index      : RANGE     00000040 -> 0000007f
Priority: 1
Action entry: MyIngress._choose_fragment - 1,

[15:30:15.828] [bmv2] [T] [thread 393439] bm_table_add_entry
[15:30:15.828] [bmv2] [D] [thread 393439] Entry 2 added to table 'MyIngress.choose_fragment'
[15:30:15.828] [bmv2] [D] [thread 393439] Dumping entry 2
Match key:
* meta.SFH_index      : RANGE     00000080 -> 000000c0
Priority: 2
Action entry: MyIngress._choose_fragment - 2,

[15:30:15.900] [bmv2] [T] [thread 393439] bm_set_crc32_custom_parameters
[15:30:15.900] [bmv2] [I] [thread 393439] Updating config of custom crc calc_0: polynomial: 79764919, initial_remainder: 4294967295, final_xor_value: 4294967295, data_reflected: 1, remainder_reflected: 1
[15:30:15.900] [bmv2] [T] [thread 393439] bm_set_crc32_custom_parameters
[15:30:15.900] [bmv2] [I] [thread 393439] Updating config of custom crc calc_1: polynomial: 3988292384, initial_remainder: 4294967295, final_xor_value: 4294967295, data_reflected: 1, remainder_reflected: 1
[15:30:15.900] [bmv2] [T] [thread 393439] bm_set_crc32_custom_parameters
[15:30:15.900] [bmv2] [I] [thread 393439] Updating config of custom crc calc_2: polynomial: 3681617473, initial_remainder: 4294967295, final_xor_value: 4294967295, data_reflected: 1, remainder_reflected: 1
[15:30:15.900] [bmv2] [T] [thread 393439] bm_set_crc32_custom_parameters
[15:30:15.900] [bmv2] [I] [thread 393439] Updating config of custom crc calc_3: polynomial: 2187366107, initial_remainder: 4294967295, final_xor_value: 4294967295, data_reflected: 1, remainder_reflected: 1
[15:30:15.900] [bmv2] [T] [thread 393439] bm_set_crc32_custom_parameters
[15:30:15.900] [bmv2] [I] [thread 393439] Updating config of custom crc calc_4: polynomial: 1947962583, initial_remainder: 4294967295, final_xor_value: 4294967295, data_reflected: 1, remainder_reflected: 1
[15:30:15.900] [bmv2] [T] [thread 393439] bm_set_crc32_custom_parameters
[15:30:15.900] [bmv2] [I] [thread 393439] Updating config of custom crc calc_5: polynomial: 3945912366, initial_remainder: 4294967295, final_xor_value: 4294967295, data_reflected: 1, remainder_reflected: 1
[15:30:15.931] [bmv2] [T] [thread 393439] bm_table_add_entry
[15:30:15.931] [bmv2] [D] [thread 393439] Entry 0 added to table 'MyIngress.ipv4_lpm'
[15:30:15.931] [bmv2] [D] [thread 393439] Dumping entry 0
Match key:
* hdr.ipv4.dstAddr    : LPM       0a0d0102/24
Action entry: MyIngress.set_nhop - 62f93f020c60,1,

[15:30:15.932] [bmv2] [T] [thread 393439] bm_table_add_entry
[15:30:15.932] [bmv2] [D] [thread 393439] Entry 1 added to table 'MyIngress.ipv4_lpm'
[15:30:15.932] [bmv2] [D] [thread 393439] Dumping entry 1
Match key:
* hdr.ipv4.dstAddr    : LPM       0a0d0202/24
Action entry: MyIngress.set_nhop - 62f93f020c60,1,

[15:30:15.932] [bmv2] [T] [thread 393439] bm_table_add_entry
[15:30:15.932] [bmv2] [D] [thread 393439] Entry 2 added to table 'MyIngress.ipv4_lpm'
[15:30:15.932] [bmv2] [D] [thread 393439] Dumping entry 2
Match key:
* hdr.ipv4.dstAddr    : LPM       0a0e0302/24
Action entry: MyIngress.set_nhop - 62f93f020c60,1,

[15:30:15.933] [bmv2] [T] [thread 393439] bm_table_add_entry
[15:30:15.933] [bmv2] [D] [thread 393439] Entry 3 added to table 'MyIngress.ipv4_lpm'
[15:30:15.933] [bmv2] [D] [thread 393439] Dumping entry 3
Match key:
* hdr.ipv4.dstAddr    : LPM       0a0e0402/24
Action entry: MyIngress.set_nhop - 62f93f020c60,1,

[15:30:15.934] [bmv2] [T] [thread 393439] bm_table_add_entry
[15:30:15.934] [bmv2] [D] [thread 393439] Entry 4 added to table 'MyIngress.ipv4_lpm'
[15:30:15.934] [bmv2] [D] [thread 393439] Dumping entry 4
Match key:
* hdr.ipv4.dstAddr    : LPM       0a0f0502/24
Action entry: MyIngress.set_nhop - 1ae4781ea3c0,2,

[15:30:15.934] [bmv2] [T] [thread 393439] bm_table_add_entry
[15:30:15.934] [bmv2] [D] [thread 393439] Entry 5 added to table 'MyIngress.ipv4_lpm'
[15:30:15.934] [bmv2] [D] [thread 393439] Dumping entry 5
Match key:
* hdr.ipv4.dstAddr    : LPM       0a0f0602/24
Action entry: MyIngress.set_nhop - 1ae4781ea3c0,2,

[15:30:15.935] [bmv2] [T] [thread 393439] bm_table_add_entry
[15:30:15.935] [bmv2] [D] [thread 393439] Entry 6 added to table 'MyIngress.ipv4_lpm'
[15:30:15.935] [bmv2] [D] [thread 393439] Dumping entry 6
Match key:
* hdr.ipv4.dstAddr    : LPM       0a100702/24
Action entry: MyIngress.set_nhop - 1ae4781ea3c0,2,

[15:30:15.935] [bmv2] [T] [thread 393439] bm_table_add_entry
[15:30:15.935] [bmv2] [D] [thread 393439] Entry 7 added to table 'MyIngress.ipv4_lpm'
[15:30:15.935] [bmv2] [D] [thread 393439] Dumping entry 7
Match key:
* hdr.ipv4.dstAddr    : LPM       0a100802/24
Action entry: MyIngress.set_nhop - 1ae4781ea3c0,2,

[15:30:15.936] [bmv2] [T] [thread 393439] bm_table_add_entry
[15:30:15.936] [bmv2] [D] [thread 393439] Entry 8 added to table 'MyIngress.ipv4_lpm'
[15:30:15.936] [bmv2] [D] [thread 393439] Dumping entry 8
Match key:
* hdr.ipv4.dstAddr    : LPM       0a110902/24
Action entry: MyIngress.set_nhop - 265df1f924e0,3,

[15:30:15.936] [bmv2] [T] [thread 393439] bm_table_add_entry
[15:30:15.936] [bmv2] [D] [thread 393439] Entry 9 added to table 'MyIngress.ipv4_lpm'
[15:30:15.936] [bmv2] [D] [thread 393439] Dumping entry 9
Match key:
* hdr.ipv4.dstAddr    : LPM       0a110a02/24
Action entry: MyIngress.set_nhop - 265df1f924e0,3,

[15:30:15.937] [bmv2] [T] [thread 393439] bm_table_add_entry
[15:30:15.937] [bmv2] [D] [thread 393439] Entry 10 added to table 'MyIngress.ipv4_lpm'
[15:30:15.937] [bmv2] [D] [thread 393439] Dumping entry 10
Match key:
* hdr.ipv4.dstAddr    : LPM       0a120b02/24
Action entry: MyIngress.set_nhop - 265df1f924e0,3,

[15:30:15.937] [bmv2] [T] [thread 393439] bm_table_add_entry
[15:30:15.937] [bmv2] [D] [thread 393439] Entry 11 added to table 'MyIngress.ipv4_lpm'
[15:30:15.937] [bmv2] [D] [thread 393439] Dumping entry 11
Match key:
* hdr.ipv4.dstAddr    : LPM       0a120c02/24
Action entry: MyIngress.set_nhop - 265df1f924e0,3,

[15:30:15.938] [bmv2] [T] [thread 393439] bm_table_add_entry
[15:30:15.938] [bmv2] [D] [thread 393439] Entry 12 added to table 'MyIngress.ipv4_lpm'
[15:30:15.938] [bmv2] [D] [thread 393439] Dumping entry 12
Match key:
* hdr.ipv4.dstAddr    : LPM       0a130d02/24
Action entry: MyIngress.set_nhop - 2a7863fd6b3e,4,

[15:30:15.938] [bmv2] [T] [thread 393439] bm_table_add_entry
[15:30:15.938] [bmv2] [D] [thread 393439] Entry 13 added to table 'MyIngress.ipv4_lpm'
[15:30:15.938] [bmv2] [D] [thread 393439] Dumping entry 13
Match key:
* hdr.ipv4.dstAddr    : LPM       0a130e02/24
Action entry: MyIngress.set_nhop - 2a7863fd6b3e,4,

[15:30:15.939] [bmv2] [T] [thread 393439] bm_table_add_entry
[15:30:15.939] [bmv2] [D] [thread 393439] Entry 14 added to table 'MyIngress.ipv4_lpm'
[15:30:15.939] [bmv2] [D] [thread 393439] Dumping entry 14
Match key:
* hdr.ipv4.dstAddr    : LPM       0a140f02/24
Action entry: MyIngress.set_nhop - 2a7863fd6b3e,4,

[15:30:15.939] [bmv2] [T] [thread 393439] bm_table_add_entry
[15:30:15.939] [bmv2] [D] [thread 393439] Entry 15 added to table 'MyIngress.ipv4_lpm'
[15:30:15.939] [bmv2] [D] [thread 393439] Dumping entry 15
Match key:
* hdr.ipv4.dstAddr    : LPM       0a141002/24
Action entry: MyIngress.set_nhop - 2a7863fd6b3e,4,

[15:30:16.086] [bmv2] [T] [thread 393439] bm_register_write
[15:30:16.086] [bmv2] [T] [thread 393439] bm_register_write
[15:30:16.086] [bmv2] [T] [thread 393439] bm_register_write
[15:30:16.086] [bmv2] [T] [thread 393439] bm_register_write
open: No such file or directory
open: No such file or directory
open: No such file or directory
open: No such file or directory
open: No such file or directory
open: No such file or directory
open: No such file or directory
open: No such file or directory
open: No such file or directory
open: No such file or directory
open: No such file or directory
open: No such file or directory
open: No such file or directory
open: No such file or directory
open: No such file or directory
open: No such file or directory
open: No such file or directory
open: No such file or directory
open: No such file or directory
open: No such file or directory
open: No such file or directory
open: No such file or directory
open: No such file or directory
open: No such file or directory
open: No such file or directory
open: No such file or directory
open: No such file or directory
open: No such file or directory
open: No such file or directory
open: No such file or directory
open: No such file or directory
open: No such file or directory
open: No such file or directory
open: No such file or directory
open: No such file or directory
open: No such file or directory
open: No such file or directory
open: No such file or directory
open: No such file or directory
open: No such file or directory
open: No such file or directory
